<?xml version="1.0" encoding="UTF-8"?>
<!-- Generated by org.testng.reporters.JUnitXMLReporter -->
<testsuite ignored="0" hostname="TYSS-Chaithra" failures="0" tests="2" name="Default test(failed)" time="0.031" errors="0" timestamp="2022-09-06T12:37:59 IST">
  <testcase classname="vtiger.Practice.BaseClassPractice" name="@BeforeSuite bsConfig" time="0.006">
    <failure type="java.lang.AssertionError" message="null">
      <![CDATA[java.lang.AssertionError: null
at vtiger.Practice.BaseClassPractice.bsConfig(BaseClassPractice.java:18)
... Removed 21 stack frames]]>
    </failure>
  </testcase> <!-- @BeforeSuite bsConfig -->
  <testcase classname="vtiger.Practice.BaseClassPractice" name="@BeforeClass bcConfig" time="-1.662448079352E9">
    <skipped/>
  </testcase> <!-- @BeforeClass bcConfig -->
  <testcase classname="vtiger.Practice.BaseClassPractice" name="@BeforeMethod bmConfig" time="-1.662448079359E9">
    <skipped/>
  </testcase> <!-- @BeforeMethod bmConfig -->
  <testcase classname="vtiger.Practice.BaseClassPractice" name="@AfterMethod amConfig" time="-1.662448079364E9">
    <skipped/>
  </testcase> <!-- @AfterMethod amConfig -->
  <testcase classname="vtiger.Practice.BaseClassPractice" name="@BeforeMethod bmConfig" time="-1.662448079365E9">
    <skipped/>
  </testcase> <!-- @BeforeMethod bmConfig -->
  <testcase classname="vtiger.Practice.BaseClassPractice" name="@AfterMethod amConfig" time="-1.662448079369E9">
    <skipped/>
  </testcase> <!-- @AfterMethod amConfig -->
  <testcase classname="vtiger.Practice.BaseClassPractice" name="@AfterClass acConfig" time="-1.66244807937E9">
    <skipped/>
  </testcase> <!-- @AfterClass acConfig -->
  <testcase classname="vtiger.Practice.BaseClassPractice" name="test1" time="0.0">
    <skipped/>
  </testcase> <!-- test1 -->
  <testcase classname="vtiger.Practice.BaseClassPractice" name="test2" time="0.0">
    <skipped/>
  </testcase> <!-- test2 -->
</testsuite> <!-- Default test(failed) -->
