<?xml version="1.0" encoding="UTF-8"?>
<!-- Generated by org.testng.reporters.JUnitXMLReporter -->
<testsuite ignored="2" hostname="TYSS-Chaithra" failures="0" tests="1" name="Default test" time="57.074" errors="0" timestamp="2022-09-21T12:39:18 IST">
  <testcase classname="vtiger.Practice.CalenderPopUp" name="selectFutureDate" time="57.042"/>
  <testcase classname="vtiger.Practice.CalenderPopUp" name="SelectAnyDate" time="0.0">
    <ignored/>
  </testcase> <!-- SelectAnyDate -->
  <testcase classname="vtiger.Practice.CalenderPopUp" name="SelectCurrentDate" time="0.0">
    <ignored/>
  </testcase> <!-- SelectCurrentDate -->
</testsuite> <!-- Default test -->
