<?xml version="1.0" encoding="UTF-8"?>
<!-- Generated by org.testng.reporters.JUnitXMLReporter -->
<testsuite ignored="1" hostname="LAPTOP-0HVVRE1F" failures="0" tests="1" name="Test" time="40.626" errors="0" timestamp="2022-09-24T00:49:29 IST">
  <testcase classname="vtiger.ContactsTests.CreateContactWithOrgTest" name="createContactWithOrgTest" time="26.194"/>
  <testcase classname="vtiger.ContactsTests.CreateContactWithOrgTest" name="demoRegregression" time="0.0">
    <ignored/>
  </testcase> <!-- demoRegregression -->
</testsuite> <!-- Test -->
