<?xml version="1.0" encoding="UTF-8"?>
<!-- Generated by org.testng.reporters.JUnitXMLReporter -->
<testsuite ignored="1" hostname="TYSS-Chaithra" failures="0" tests="1" name="Test" time="8.671" errors="0" timestamp="2022-09-09T12:06:06 IST">
  <testcase classname="vtiger.ContactsTests.CreateContactWithOrgTest" name="demoRegregression" time="0.008"/>
  <testcase classname="vtiger.ContactsTests.CreateContactWithOrgTest" name="createContactWithOrgTest" time="0.0">
    <ignored/>
  </testcase> <!-- createContactWithOrgTest -->
</testsuite> <!-- Test -->
