<?xml version="1.0" encoding="UTF-8"?>
<testng-results ignored="1" total="2" passed="1" failed="0" skipped="0">
  <reporter-output>
    <line>
      <![CDATA[--Database Connection successful--]]>
    </line>
    <line>
      <![CDATA[--Browser chrome launched successfully--]]>
    </line>
    <line>
      <![CDATA[--Login Successful--]]>
    </line>
    <line>
      <![CDATA[Organization link clicked]]>
    </line>
    <line>
      <![CDATA[create org Look Up image clicked]]>
    </line>
    <line>
      <![CDATA[New Organization created]]>
    </line>
    <line>
      <![CDATA[Contacts link clicked]]>
    </line>
    <line>
      <![CDATA[create Contact Look Up image clicked]]>
    </line>
    <line>
      <![CDATA[new contact with organization created]]>
    </line>
    <line>
      <![CDATA[--Signout successfull--]]>
    </line>
    <line>
      <![CDATA[--browser closed successfull--]]>
    </line>
    <line>
      <![CDATA[--Database close successfull--]]>
    </line>
  </reporter-output>
  <suite started-at="2022-09-24T00:48:48 IST" name="Suite" finished-at="2022-09-24T00:49:29 IST" duration-ms="40626">
    <groups>
      <group name="SmokeSuite">
        <method signature="CreateContactWithOrgTest.createContactWithOrgTest()[pri:0, instance:vtiger.ContactsTests.CreateContactWithOrgTest@6dc17b83]" name="createContactWithOrgTest" class="vtiger.ContactsTests.CreateContactWithOrgTest"/>
      </group> <!-- SmokeSuite -->
    </groups>
    <test started-at="2022-09-24T00:48:48 IST" name="Test" finished-at="2022-09-24T00:49:29 IST" duration-ms="40626">
      <class name="vtiger.ContactsTests.CreateContactWithOrgTest">
        <test-method is-config="true" signature="bsConfig()[pri:0, instance:vtiger.ContactsTests.CreateContactWithOrgTest@6dc17b83]" started-at="2022-09-24T00:48:48 IST" name="bsConfig" finished-at="2022-09-24T00:48:48 IST" duration-ms="12" status="PASS">
          <reporter-output>
            <line>
              <![CDATA[--Database Connection successful--]]>
            </line>
          </reporter-output>
        </test-method> <!-- bsConfig -->
        <test-method is-config="true" signature="bcConfig()[pri:0, instance:vtiger.ContactsTests.CreateContactWithOrgTest@6dc17b83]" started-at="2022-09-24T00:48:49 IST" name="bcConfig" finished-at="2022-09-24T00:48:57 IST" duration-ms="8152" status="PASS">
          <reporter-output>
            <line>
              <![CDATA[--Browser chrome launched successfully--]]>
            </line>
          </reporter-output>
        </test-method> <!-- bcConfig -->
        <test-method is-config="true" signature="bmConfig()[pri:0, instance:vtiger.ContactsTests.CreateContactWithOrgTest@6dc17b83]" started-at="2022-09-24T00:48:57 IST" name="bmConfig" finished-at="2022-09-24T00:49:00 IST" duration-ms="3589" status="PASS">
          <reporter-output>
            <line>
              <![CDATA[--Login Successful--]]>
            </line>
          </reporter-output>
        </test-method> <!-- bmConfig -->
        <test-method signature="createContactWithOrgTest()[pri:0, instance:vtiger.ContactsTests.CreateContactWithOrgTest@6dc17b83]" started-at="2022-09-24T00:49:00 IST" name="createContactWithOrgTest" finished-at="2022-09-24T00:49:27 IST" duration-ms="26194" status="PASS">
          <reporter-output>
            <line>
              <![CDATA[Organization link clicked]]>
            </line>
            <line>
              <![CDATA[create org Look Up image clicked]]>
            </line>
            <line>
              <![CDATA[New Organization created]]>
            </line>
            <line>
              <![CDATA[Contacts link clicked]]>
            </line>
            <line>
              <![CDATA[create Contact Look Up image clicked]]>
            </line>
            <line>
              <![CDATA[new contact with organization created]]>
            </line>
          </reporter-output>
        </test-method> <!-- createContactWithOrgTest -->
        <test-method is-config="true" signature="amConfig()[pri:0, instance:vtiger.ContactsTests.CreateContactWithOrgTest@6dc17b83]" started-at="2022-09-24T00:49:27 IST" name="amConfig" finished-at="2022-09-24T00:49:28 IST" duration-ms="1954" status="PASS">
          <reporter-output>
            <line>
              <![CDATA[--Signout successfull--]]>
            </line>
          </reporter-output>
        </test-method> <!-- amConfig -->
        <test-method is-config="true" signature="acConfig()[pri:0, instance:vtiger.ContactsTests.CreateContactWithOrgTest@6dc17b83]" started-at="2022-09-24T00:49:28 IST" name="acConfig" finished-at="2022-09-24T00:49:29 IST" duration-ms="61" status="PASS">
          <reporter-output>
            <line>
              <![CDATA[--browser closed successfull--]]>
            </line>
          </reporter-output>
        </test-method> <!-- acConfig -->
        <test-method is-config="true" signature="asConfig()[pri:0, instance:vtiger.ContactsTests.CreateContactWithOrgTest@6dc17b83]" started-at="2022-09-24T00:49:29 IST" name="asConfig" finished-at="2022-09-24T00:49:29 IST" duration-ms="1" status="PASS">
          <reporter-output>
            <line>
              <![CDATA[--Database close successfull--]]>
            </line>
          </reporter-output>
        </test-method> <!-- asConfig -->
      </class> <!-- vtiger.ContactsTests.CreateContactWithOrgTest -->
    </test> <!-- Test -->
  </suite> <!-- Suite -->
</testng-results>
